<?xml version="1.0" encoding="UTF-8"?>
<!-- Generated by org.testng.reporters.JUnitXMLReporter -->
<testsuite ignored="0" hostname="MIIND51N15S2" failures="0" tests="4" name="Default test" time="0.133" errors="0" timestamp="2022-03-11T17:34:52 IST">
  <testcase classname="testAcademy.TestNGDependsOn" name="openWebsite" time="0.021"/>
  <testcase classname="testAcademy.TestNGDependsOn" name="loginWebsite" time="0.005"/>
  <testcase classname="testAcademy.TestNGDependsOn" name="goToBasket" time="0.005"/>
  <testcase classname="testAcademy.TestNGDependsOn" name="logOutFromWebsite" time="0.002"/>
</testsuite> <!-- Default test -->
