<?xml version="1.0" encoding="UTF-8"?>
<!-- Generated by org.testng.reporters.JUnitXMLReporter -->
<testsuite ignored="1" hostname="MIIND51N15S2" failures="0" tests="1" name="Testing Annotations Test" time="8.777" errors="0" timestamp="2022-02-25T20:49:04 IST">
  <testcase classname="testAcademy.TestNGAnnotations" name="firstTest" time="2.827"/>
  <testcase classname="testAcademy.TestNGAnnotations" name="secondTest" time="0.0">
    <ignored/>
  </testcase> <!-- secondTest -->
</testsuite> <!-- Testing Annotations Test -->
