<?xml version="1.0" encoding="UTF-8"?>
<!-- Generated by org.testng.reporters.JUnitXMLReporter -->
<testsuite ignored="2" hostname="MIIND51N15S2" failures="0" tests="4" name="Selenium TestNG Test" time="0.052" errors="0" timestamp="2022-02-26T09:33:10 IST">
  <testcase classname="testAcademy.TestNGGrouping" name="firstTest" time="0.009"/>
  <testcase classname="testAcademy.TestNGGrouping" name="fourthTest" time="0.001"/>
  <testcase classname="testAcademy.TestNGGrouping" name="secondTest" time="0.001"/>
  <testcase classname="testAcademy.TestNGGrouping" name="sixthTest" time="0.001"/>
  <testcase classname="testAcademy.TestNGGrouping" name="thirdTest" time="0.0">
    <ignored/>
  </testcase> <!-- thirdTest -->
  <testcase classname="testAcademy.TestNGGrouping" name="fifthTest" time="0.0">
    <ignored/>
  </testcase> <!-- fifthTest -->
</testsuite> <!-- Selenium TestNG Test -->
